11/28/2021, 11:44:00 AM - INFO - Server is running on port: 3030 
11/28/2021, 11:59:00 AM - DEBUG - auth.service - login with username: user1 (sid: EfNMi_okNngxtCnM-33wWsE8wXH2DS94)
11/28/2021, 11:59:05 AM - INFO - Req from: Puki Norma (sid: EfNMi_okNngxtCnM-33wWsE8wXH2DS94)
11/28/2021, 12:00:12 PM - INFO - Req from: Puki Norma (sid: EfNMi_okNngxtCnM-33wWsE8wXH2DS94)
11/28/2021, 12:00:20 PM - INFO - Req from: Puki Norma (sid: EfNMi_okNngxtCnM-33wWsE8wXH2DS94)
11/28/2021, 12:00:20 PM - DEBUG - Emiting to user socket: 614ad26492b8a1101045b3a3 (sid: EfNMi_okNngxtCnM-33wWsE8wXH2DS94)
11/28/2021, 12:00:20 PM - DEBUG - Shouldnt happen, socket not found (sid: EfNMi_okNngxtCnM-33wWsE8wXH2DS94)
11/28/2021, 12:01:09 PM - INFO - Req from: Puki Norma (sid: EfNMi_okNngxtCnM-33wWsE8wXH2DS94)
11/28/2021, 12:01:09 PM - DEBUG - Emiting to user socket: 614ad26392b8a1101045b3a2 (sid: EfNMi_okNngxtCnM-33wWsE8wXH2DS94)
11/28/2021, 12:01:09 PM - DEBUG - Shouldnt happen, socket not found (sid: EfNMi_okNngxtCnM-33wWsE8wXH2DS94)
11/28/2021, 12:10:31 PM - INFO - Req from: Puki Norma (sid: EfNMi_okNngxtCnM-33wWsE8wXH2DS94)
11/28/2021, 12:10:39 PM - INFO - Req from: Puki Norma (sid: EfNMi_okNngxtCnM-33wWsE8wXH2DS94)
11/28/2021, 12:10:39 PM - DEBUG - Emiting to user socket: 614ad26492b8a1101045b3a3 (sid: EfNMi_okNngxtCnM-33wWsE8wXH2DS94)
11/28/2021, 12:10:39 PM - DEBUG - Shouldnt happen, socket not found (sid: EfNMi_okNngxtCnM-33wWsE8wXH2DS94)
11/28/2021, 12:10:50 PM - INFO - Req from: Puki Norma (sid: EfNMi_okNngxtCnM-33wWsE8wXH2DS94)
11/28/2021, 12:11:13 PM - INFO - Req from: Puki Norma (sid: EfNMi_okNngxtCnM-33wWsE8wXH2DS94)
11/28/2021, 12:11:13 PM - DEBUG - Emiting to user socket: 614ad26392b8a1101045b3a2 (sid: EfNMi_okNngxtCnM-33wWsE8wXH2DS94)
11/28/2021, 12:11:13 PM - DEBUG - Shouldnt happen, socket not found (sid: EfNMi_okNngxtCnM-33wWsE8wXH2DS94)
11/28/2021, 12:12:28 PM - INFO - Req from: Puki Norma (sid: EfNMi_okNngxtCnM-33wWsE8wXH2DS94)
11/28/2021, 12:12:35 PM - INFO - Req from: Puki Norma (sid: EfNMi_okNngxtCnM-33wWsE8wXH2DS94)
11/28/2021, 12:12:35 PM - DEBUG - Emiting to user socket: 614ad26392b8a1101045b3a2 (sid: EfNMi_okNngxtCnM-33wWsE8wXH2DS94)
11/28/2021, 12:12:35 PM - DEBUG - Shouldnt happen, socket not found (sid: EfNMi_okNngxtCnM-33wWsE8wXH2DS94)
11/28/2021, 12:12:43 PM - INFO - Req from: Puki Norma (sid: EfNMi_okNngxtCnM-33wWsE8wXH2DS94)
11/28/2021, 12:12:59 PM - INFO - Req from: Puki Norma (sid: EfNMi_okNngxtCnM-33wWsE8wXH2DS94)
11/28/2021, 12:12:59 PM - DEBUG - Emiting to user socket: 614ad26392b8a1101045b3a1 (sid: EfNMi_okNngxtCnM-33wWsE8wXH2DS94)
11/28/2021, 12:12:59 PM - DEBUG - Shouldnt happen, socket not found (sid: EfNMi_okNngxtCnM-33wWsE8wXH2DS94)
11/28/2021, 12:18:35 PM - DEBUG - auth.service - login with username: user1 (sid: EfNMi_okNngxtCnM-33wWsE8wXH2DS94)
11/28/2021, 12:18:37 PM - INFO - Req from: Puki Norma (sid: EfNMi_okNngxtCnM-33wWsE8wXH2DS94)
11/28/2021, 12:25:58 PM - DEBUG - auth.service - login with username: user1 (sid: EfNMi_okNngxtCnM-33wWsE8wXH2DS94)
11/28/2021, 12:32:24 PM - INFO - Server is running on port: 3030 
11/28/2021, 12:33:32 PM - INFO - Server is running on port: 3030 
11/28/2021, 12:35:13 PM - INFO - Server is running on port: 3030 
11/28/2021, 12:35:29 PM - INFO - Server is running on port: 3030 
11/28/2021, 12:35:38 PM - INFO - Server is running on port: 3030 
11/28/2021, 12:35:49 PM - INFO - Server is running on port: 3030 
11/28/2021, 12:36:01 PM - INFO - Server is running on port: 3030 
11/28/2021, 12:36:16 PM - INFO - Server is running on port: 3030 
11/28/2021, 12:36:36 PM - INFO - Server is running on port: 3030 
11/28/2021, 12:38:41 PM - INFO - Server is running on port: 3030 
11/28/2021, 12:39:04 PM - INFO - Server is running on port: 3030 
11/28/2021, 12:40:12 PM - INFO - Server is running on port: 3030 
11/28/2021, 12:40:31 PM - INFO - Server is running on port: 3030 
11/28/2021, 1:07:02 PM - DEBUG - auth.service - login with username: user1 (sid: Jv0kuNS5jEc2kNrvlo_HeX_xDjyAm8_S)
11/28/2021, 1:07:05 PM - INFO - Req from: Puki Norma (sid: Jv0kuNS5jEc2kNrvlo_HeX_xDjyAm8_S)
11/28/2021, 1:07:29 PM - INFO - Req from: Puki Norma (sid: Jv0kuNS5jEc2kNrvlo_HeX_xDjyAm8_S)
11/28/2021, 1:07:29 PM - DEBUG - Emiting to user socket: 614ad26392b8a1101045b3a1 (sid: Jv0kuNS5jEc2kNrvlo_HeX_xDjyAm8_S)
11/28/2021, 1:07:29 PM - DEBUG - Shouldnt happen, socket not found (sid: Jv0kuNS5jEc2kNrvlo_HeX_xDjyAm8_S)
11/28/2021, 1:08:16 PM - INFO - Server is running on port: 3030 
11/28/2021, 1:08:38 PM - DEBUG - auth.service - login with username: user1 (sid: zZz3ikziSSAfNusZza5ye06gTpEo5JPb)
11/28/2021, 1:08:55 PM - INFO - Req from: Puki Norma (sid: zZz3ikziSSAfNusZza5ye06gTpEo5JPb)
11/28/2021, 1:09:00 PM - INFO - Req from: Puki Norma (sid: zZz3ikziSSAfNusZza5ye06gTpEo5JPb)
11/28/2021, 1:09:00 PM - DEBUG - Emiting to user socket: 614ad26392b8a1101045b3a2 (sid: zZz3ikziSSAfNusZza5ye06gTpEo5JPb)
11/28/2021, 1:09:40 PM - DEBUG - auth.service - login with username: admin (sid: zZz3ikziSSAfNusZza5ye06gTpEo5JPb)
11/28/2021, 1:09:42 PM - INFO - Req from: Master Adminov (sid: zZz3ikziSSAfNusZza5ye06gTpEo5JPb)
11/28/2021, 1:10:07 PM - DEBUG - auth.service - signup with username: ppp, fullname: pppp (sid: zZz3ikziSSAfNusZza5ye06gTpEo5JPb)
11/28/2021, 1:10:07 PM - DEBUG - auth.route - new account created: {"username":"ppp","password":"$2b$10$LWtR9Ws4FFLA9RUNH3517OuWLpy4irmDmO4hPzMGpsPukmvLjaHWe","fullname":"pppp","score":100,"_id":"61a3638f40e61850706dcb11"} (sid: zZz3ikziSSAfNusZza5ye06gTpEo5JPb)
11/28/2021, 1:10:07 PM - DEBUG - auth.service - login with username: ppp (sid: zZz3ikziSSAfNusZza5ye06gTpEo5JPb)
11/28/2021, 1:10:16 PM - DEBUG - auth.service - login with username: admin (sid: zZz3ikziSSAfNusZza5ye06gTpEo5JPb)
11/28/2021, 1:10:26 PM - WARN - Master Adminov Attempt to perform admin action (sid: zZz3ikziSSAfNusZza5ye06gTpEo5JPb)
11/28/2021, 1:11:17 PM - DEBUG - auth.service - login with username: admin (sid: zZz3ikziSSAfNusZza5ye06gTpEo5JPb)
11/28/2021, 1:28:10 PM - INFO - Server is running on port: 3030 
11/29/2021, 11:46:01 AM - INFO - Server is running on port: 3030 
11/29/2021, 11:46:13 AM - INFO - Server is running on port: 3030 
11/29/2021, 12:06:16 PM - DEBUG - auth.service - login with username: user1 (sid: 6SAkawgmL7JvghPO23EtkSCCYkCQHcmL)
11/29/2021, 12:06:17 PM - INFO - Req from: Puki Norma (sid: 6SAkawgmL7JvghPO23EtkSCCYkCQHcmL)
11/29/2021, 12:06:23 PM - INFO - Req from: Puki Norma (sid: 6SAkawgmL7JvghPO23EtkSCCYkCQHcmL)
11/29/2021, 12:06:23 PM - DEBUG - Emiting to user socket: 614ad26392b8a1101045b3a2 (sid: 6SAkawgmL7JvghPO23EtkSCCYkCQHcmL)
11/29/2021, 12:10:27 PM - INFO - Server is running on port: 3030 
11/29/2021, 12:11:13 PM - DEBUG - auth.service - login with username: user1 (sid: AkUojTM4RMbnlA0i0Dxv1QCK1baOgNTU)
11/29/2021, 12:11:14 PM - INFO - Req from: Puki Norma (sid: AkUojTM4RMbnlA0i0Dxv1QCK1baOgNTU)
11/29/2021, 12:11:23 PM - INFO - Req from: Puki Norma (sid: AkUojTM4RMbnlA0i0Dxv1QCK1baOgNTU)
11/29/2021, 12:11:23 PM - DEBUG - Emiting to user socket: 614ad26392b8a1101045b3a2 (sid: AkUojTM4RMbnlA0i0Dxv1QCK1baOgNTU)
11/29/2021, 12:11:23 PM - DEBUG - broadcast to all but user:  |  (sid: AkUojTM4RMbnlA0i0Dxv1QCK1baOgNTU)
11/29/2021, 12:12:16 PM - INFO - Req from: Puki Norma (sid: AkUojTM4RMbnlA0i0Dxv1QCK1baOgNTU)
11/29/2021, 12:13:52 PM - INFO - Req from: Puki Norma (sid: AkUojTM4RMbnlA0i0Dxv1QCK1baOgNTU)
11/29/2021, 12:13:55 PM - INFO - Req from: Puki Norma (sid: AkUojTM4RMbnlA0i0Dxv1QCK1baOgNTU)
11/29/2021, 12:13:55 PM - DEBUG - Emiting to user socket: 614ad26492b8a1101045b3a3 (sid: AkUojTM4RMbnlA0i0Dxv1QCK1baOgNTU)
11/29/2021, 12:13:55 PM - DEBUG - broadcast to all but user:  |  (sid: AkUojTM4RMbnlA0i0Dxv1QCK1baOgNTU)
11/29/2021, 12:14:11 PM - INFO - Req from: Puki Norma (sid: AkUojTM4RMbnlA0i0Dxv1QCK1baOgNTU)
11/29/2021, 12:14:11 PM - DEBUG - Emiting to user socket: 61a3638f40e61850706dcb11 (sid: AkUojTM4RMbnlA0i0Dxv1QCK1baOgNTU)
11/29/2021, 12:14:11 PM - DEBUG - broadcast to all but user:  |  (sid: AkUojTM4RMbnlA0i0Dxv1QCK1baOgNTU)
11/29/2021, 12:14:20 PM - INFO - Req from: Puki Norma (sid: AkUojTM4RMbnlA0i0Dxv1QCK1baOgNTU)
11/29/2021, 12:14:39 PM - INFO - Req from: Puki Norma (sid: AkUojTM4RMbnlA0i0Dxv1QCK1baOgNTU)
11/29/2021, 12:14:39 PM - DEBUG - Emiting to user socket: 614ad26492b8a1101045b3a3 (sid: AkUojTM4RMbnlA0i0Dxv1QCK1baOgNTU)
11/29/2021, 12:14:39 PM - DEBUG - broadcast to all but user:  |  (sid: AkUojTM4RMbnlA0i0Dxv1QCK1baOgNTU)
11/29/2021, 12:16:12 PM - INFO - Req from: Puki Norma (sid: AkUojTM4RMbnlA0i0Dxv1QCK1baOgNTU)
11/29/2021, 12:16:22 PM - INFO - Req from: Puki Norma (sid: AkUojTM4RMbnlA0i0Dxv1QCK1baOgNTU)
11/29/2021, 12:19:00 PM - INFO - Server is running on port: 3030 
11/29/2021, 12:19:50 PM - DEBUG - auth.service - login with username: muki (sid: KWABAsx3YhqDjybs8eZZDpHT_t2wRCMb)
11/29/2021, 12:19:50 PM - DEBUG - Setting (FpeE5BrpnKBQDSmkAAAP) socket.userId = 614ad26492b8a1101045b3a3 
11/29/2021, 12:19:59 PM - DEBUG - auth.service - login with username: user1 (sid: klHR0v0g0QqXwjbvkCrFmb4rH1LoArBq)
11/29/2021, 12:19:59 PM - DEBUG - Setting (3ofgwB0fVe2k1sXxAAAN) socket.userId = 614ad26392b8a1101045b3a1 
11/29/2021, 12:20:01 PM - INFO - Req from: Puki Norma (sid: klHR0v0g0QqXwjbvkCrFmb4rH1LoArBq)
11/29/2021, 12:20:04 PM - INFO - Req from: Muki G (sid: KWABAsx3YhqDjybs8eZZDpHT_t2wRCMb)
11/29/2021, 12:20:22 PM - INFO - Req from: Puki Norma (sid: klHR0v0g0QqXwjbvkCrFmb4rH1LoArBq)
11/29/2021, 12:20:22 PM - DEBUG - Emiting to user socket: 61a3638f40e61850706dcb11 (sid: klHR0v0g0QqXwjbvkCrFmb4rH1LoArBq)
11/29/2021, 12:20:22 PM - DEBUG - broadcast to all but user:  | "614ad26392b8a1101045b3a1" (sid: klHR0v0g0QqXwjbvkCrFmb4rH1LoArBq)
11/29/2021, 12:21:12 PM - INFO - Req from: Muki G (sid: KWABAsx3YhqDjybs8eZZDpHT_t2wRCMb)
11/29/2021, 12:21:12 PM - DEBUG - Emiting to user socket: 614ad26392b8a1101045b3a1 (sid: KWABAsx3YhqDjybs8eZZDpHT_t2wRCMb)
11/29/2021, 12:21:12 PM - DEBUG - broadcast to all but user:  | "614ad26492b8a1101045b3a3" (sid: KWABAsx3YhqDjybs8eZZDpHT_t2wRCMb)
11/29/2021, 12:25:14 PM - INFO - Server is running on port: 3030 
11/29/2021, 12:26:39 PM - DEBUG - auth.service - login with username: user1 (sid: RrtLVNFe0BVKIzBHTUyUJYDJk_rDmf4p)
11/29/2021, 12:26:39 PM - DEBUG - Setting (OIf1ENehsfGf2tEqAAAC) socket.userId = 614ad26392b8a1101045b3a1 
11/29/2021, 12:26:48 PM - DEBUG - auth.service - login with username: muki (sid: dEZdeKbrx7qeJRKNdZuFkJYToXqn6x7A)
11/29/2021, 12:26:48 PM - DEBUG - Setting (6Ht4Ztlkr06HCg4yAAAF) socket.userId = 614ad26492b8a1101045b3a3 
11/29/2021, 12:26:51 PM - INFO - Req from: Muki G (sid: dEZdeKbrx7qeJRKNdZuFkJYToXqn6x7A)
11/29/2021, 12:26:57 PM - INFO - Req from: Puki Norma (sid: RrtLVNFe0BVKIzBHTUyUJYDJk_rDmf4p)
11/29/2021, 12:27:02 PM - INFO - Req from: Puki Norma (sid: RrtLVNFe0BVKIzBHTUyUJYDJk_rDmf4p)
11/29/2021, 12:27:02 PM - DEBUG - Emiting to user socket: 61a3638f40e61850706dcb11 (sid: RrtLVNFe0BVKIzBHTUyUJYDJk_rDmf4p)
11/29/2021, 12:27:02 PM - DEBUG - broadcast to all but user:  | "614ad26392b8a1101045b3a1" (sid: RrtLVNFe0BVKIzBHTUyUJYDJk_rDmf4p)
11/29/2021, 12:27:17 PM - INFO - Req from: Puki Norma (sid: RrtLVNFe0BVKIzBHTUyUJYDJk_rDmf4p)
11/29/2021, 12:27:17 PM - DEBUG - Emiting to user socket: 614ad26392b8a1101045b3a2 (sid: RrtLVNFe0BVKIzBHTUyUJYDJk_rDmf4p)
11/29/2021, 12:27:17 PM - DEBUG - broadcast to all but user:  | "614ad26392b8a1101045b3a1" (sid: RrtLVNFe0BVKIzBHTUyUJYDJk_rDmf4p)
7.12.2021, 12:13:51 - INFO - Server is running on port: 3030 
7.12.2021, 12:15:11 - INFO - Server is running on port: 3030 
7.12.2021, 12:17:58 - INFO - Server is running on port: 3030 
7.12.2021, 12:19:12 - INFO - Server is running on port: 3030 
7.12.2021, 12:23:16 - INFO - Server is running on port: 3030 
7.12.2021, 12:23:24 - INFO - Server is running on port: 3030 
7.12.2021, 12:23:57 - INFO - Server is running on port: 3030 
7.12.2021, 12:24:57 - INFO - Server is running on port: 3030 
7.12.2021, 12:26:13 - INFO - Server is running on port: 3030 
7.12.2021, 12:26:28 - INFO - Server is running on port: 3030 
7.12.2021, 12:26:44 - INFO - Server is running on port: 3030 
7.12.2021, 12:26:56 - INFO - Server is running on port: 3030 
7.12.2021, 12:27:05 - INFO - Server is running on port: 3030 
7.12.2021, 12:27:33 - INFO - Server is running on port: 3030 
7.12.2021, 12:28:02 - INFO - Server is running on port: 3030 
7.12.2021, 12:28:22 - INFO - Server is running on port: 3030 
7.12.2021, 12:58:19 - INFO - Server is running on port: 3030 
